        -:    0:Source:/cygdrive/c/Users/vAsmad/CLionProjects/Algoritmos-y-Estructura-de-Datos-1/Practicas/Practica_7/src/contarPicos.cpp
        -:    0:Graph:/cygdrive/c/Users/vAsmad/CLionProjects/Algoritmos-y-Estructura-de-Datos-1/Practicas/Practica_7/cmake-build-debug/CMakeFiles/Labo-testing.dir/src/contarPicos.cpp.gcno
        -:    0:Data:/cygdrive/c/Users/vAsmad/CLionProjects/Algoritmos-y-Estructura-de-Datos-1/Practicas/Practica_7/cmake-build-debug/CMakeFiles/Labo-testing.dir/src/contarPicos.cpp.gcda
        -:    0:Runs:1
        -:    1:#include "contarPicos.h"
        -:    2:
    #####:    3:int contarPicos(vector<vector<int>> m){
    #####:    4:    return 0;
    %%%%%:    4-block  0
        -:    5:    // Borrar el return dummy y completar
        -:    6:
        -:    7:}
