        -:    0:Source:/cygdrive/c/Users/vAsmad/CLionProjects/Algoritmos-y-Estructura-de-Datos-1/Practicas/Practica_7/src/puntaje.cpp
        -:    0:Graph:/cygdrive/c/Users/vAsmad/CLionProjects/Algoritmos-y-Estructura-de-Datos-1/Practicas/Practica_7/cmake-build-debug/CMakeFiles/Labo-testing.dir/src/puntaje.cpp.gcno
        -:    0:Data:/cygdrive/c/Users/vAsmad/CLionProjects/Algoritmos-y-Estructura-de-Datos-1/Practicas/Practica_7/cmake-build-debug/CMakeFiles/Labo-testing.dir/src/puntaje.cpp.gcda
        -:    0:Runs:1
        -:    1:#include "puntaje.h"
        -:    2:
        1:    3:int puntaje(int b) {
        -:    4:	int res;
        1:    5:	if (b < 10) {
        1:    5-block  0
        1:    6:		res = 2 * b;
        1:    6-block  0
        -:    7:	} else {
    #####:    8:		res = b;
    %%%%%:    8-block  0
        -:    9:	}
        1:   10:	if (b % 3 == 0) {
        1:   10-block  0
        1:   11:		res = res + 10;
        1:   11-block  0
        -:   12:	} else {
    #####:   13:		res = res - 10;
    %%%%%:   13-block  0
        -:   14:	}
        1:   15:	return res;
        1:   15-block  0
        -:   16:}
