        -:    0:Source:/cygdrive/c/Users/vAsmad/CLionProjects/Algoritmos-y-Estructura-de-Datos-1/Practicas/Practica_7/src/sandia.cpp
        -:    0:Graph:/cygdrive/c/Users/vAsmad/CLionProjects/Algoritmos-y-Estructura-de-Datos-1/Practicas/Practica_7/cmake-build-debug/CMakeFiles/Labo-testing.dir/src/sandia.cpp.gcno
        -:    0:Data:/cygdrive/c/Users/vAsmad/CLionProjects/Algoritmos-y-Estructura-de-Datos-1/Practicas/Practica_7/cmake-build-debug/CMakeFiles/Labo-testing.dir/src/sandia.cpp.gcda
        -:    0:Runs:1
        -:    1:#include "sandia.h"
        -:    2:
    #####:    3:bool sandia(int porciones) {
    #####:    4:	return true;
    %%%%%:    4-block  0
        -:    5:	// Borrar el return dummy y completar
        -:    6:}
