        -:    0:Source:/cygdrive/c/Users/vAsmad/CLionProjects/Algoritmos-y-Estructura-de-Datos-1/Practicas/Practica_7/src/sopaDeLetras.cpp
        -:    0:Graph:/cygdrive/c/Users/vAsmad/CLionProjects/Algoritmos-y-Estructura-de-Datos-1/Practicas/Practica_7/cmake-build-debug/CMakeFiles/Labo-testing.dir/src/sopaDeLetras.cpp.gcno
        -:    0:Data:/cygdrive/c/Users/vAsmad/CLionProjects/Algoritmos-y-Estructura-de-Datos-1/Practicas/Practica_7/cmake-build-debug/CMakeFiles/Labo-testing.dir/src/sopaDeLetras.cpp.gcda
        -:    0:Runs:1
        -:    1:#include "sopaDeLetras.h"
        -:    2:
    #####:    3:int sopaDeLetras(vector<vector<char>> m){
    #####:    4:    return 0;
    %%%%%:    4-block  0
        -:    5:    // Borrar el return dummy y completar
        -:    6:}
        -:    7:
