        -:    0:Source:/cygdrive/c/Users/vAsmad/CLionProjects/Algoritmos-y-Estructura-de-Datos-1/Trabajo Implementacion/tests/EJ01_toroideValidoTEST.cpp
        -:    0:Graph:/cygdrive/c/Users/vAsmad/CLionProjects/Algoritmos-y-Estructura-de-Datos-1/Trabajo Implementacion/cmake-build-debug/CMakeFiles/juegoDeLaVida.dir/tests/EJ01_toroideValidoTEST.gcno
        -:    0:Data:/cygdrive/c/Users/vAsmad/CLionProjects/Algoritmos-y-Estructura-de-Datos-1/Trabajo Implementacion/cmake-build-debug/CMakeFiles/juegoDeLaVida.dir/tests/EJ01_toroideValidoTEST.gcda
        -:    0:Runs:1
        -:    1:#include "../ejercicios.h"
        -:    2:#include "gtest/gtest.h"
        -:    3:
        -:    4:using namespace std;
        -:    5:
    #####:    6:TEST(toroideValidoTEST, toroideVacio){
    #####:    7:    toroide t = { vector<bool> () };
    #####:    8:    EXPECT_FALSE(toroideValido(t));
    #####:    9:}
------------------
_ZN35toroideValidoTEST_toroideVacio_Test8TestBodyEv:
    #####:    6:TEST(toroideValidoTEST, toroideVacio){
    #####:    7:    toroide t = { vector<bool> () };
    %%%%%:    7-block  0
    %%%%%:    7-block  1
    $$$$$:    7-block  2
    $$$$$:    7-block  3
    $$$$$:    7-block  4
    $$$$$:    7-block  5
    #####:    8:    EXPECT_FALSE(toroideValido(t));
    %%%%%:    8-block  0
    %%%%%:    8-block  1
    %%%%%:    8-block  2
    %%%%%:    8-block  3
    %%%%%:    8-block  4
    %%%%%:    8-block  5
    %%%%%:    8-block  6
    %%%%%:    8-block  7
    %%%%%:    8-block  8
    $$$$$:    8-block  9
    $$$$$:    8-block 10
    $$$$$:    8-block 11
    $$$$$:    8-block 12
    $$$$$:    8-block 13
    $$$$$:    8-block 14
    $$$$$:    8-block 15
    $$$$$:    8-block 16
    #####:    9:}
------------------
_ZN35toroideValidoTEST_toroideVacio_TestC1Ev:
    #####:    6:TEST(toroideValidoTEST, toroideVacio){
    %%%%%:    6-block  0
------------------
        -:   10:
    #####:   11:TEST(toroideValidoTEST, toroideVacio5Filas){
    #####:   12:    vector<bool> vacio;
    #####:   13:    toroide t = { vacio, vacio, vacio, vacio, vacio };
    #####:   14:    EXPECT_FALSE(toroideValido(t));
    #####:   15:}
------------------
_ZN41toroideValidoTEST_toroideVacio5Filas_Test8TestBodyEv:
    #####:   11:TEST(toroideValidoTEST, toroideVacio5Filas){
    #####:   12:    vector<bool> vacio;
    %%%%%:   12-block  0
    $$$$$:   12-block  1
    #####:   13:    toroide t = { vacio, vacio, vacio, vacio, vacio };
    %%%%%:   13-block  0
    %%%%%:   13-block  1
    %%%%%:   13-block  2
    %%%%%:   13-block  3
    %%%%%:   13-block  4
    %%%%%:   13-block  5
    $$$$$:   13-block  6
    $$$$$:   13-block  7
    $$$$$:   13-block  8
    $$$$$:   13-block  9
    #####:   14:    EXPECT_FALSE(toroideValido(t));
    %%%%%:   14-block  0
    %%%%%:   14-block  1
    %%%%%:   14-block  2
    %%%%%:   14-block  3
    %%%%%:   14-block  4
    %%%%%:   14-block  5
    %%%%%:   14-block  6
    %%%%%:   14-block  7
    %%%%%:   14-block  8
    $$$$$:   14-block  9
    $$$$$:   14-block 10
    $$$$$:   14-block 11
    $$$$$:   14-block 12
    $$$$$:   14-block 13
    $$$$$:   14-block 14
    $$$$$:   14-block 15
    $$$$$:   14-block 16
    #####:   15:}
------------------
_ZN41toroideValidoTEST_toroideVacio5Filas_TestC1Ev:
    #####:   11:TEST(toroideValidoTEST, toroideVacio5Filas){
    %%%%%:   11-block  0
------------------
        -:   16:
    #####:   17:TEST(toroideValidoTEST, diagonalTresPorTres) {
        -:   18:    toroide t = { {true, false, false},
        -:   19:                  {false, true, false},
        -:   20:                  {false, false, true}
    #####:   21:    };
    #####:   22:    EXPECT_TRUE(toroideValido(t));
    #####:   23:}
------------------
_ZN42toroideValidoTEST_diagonalTresPorTres_Test8TestBodyEv:
    #####:   17:TEST(toroideValidoTEST, diagonalTresPorTres) {
        -:   18:    toroide t = { {true, false, false},
        -:   19:                  {false, true, false},
        -:   20:                  {false, false, true}
    #####:   21:    };
    %%%%%:   21-block  0
    %%%%%:   21-block  1
    %%%%%:   21-block  2
    %%%%%:   21-block  3
    %%%%%:   21-block  4
    %%%%%:   21-block  5
    $$$$$:   21-block  6
    $$$$$:   21-block  7
    $$$$$:   21-block  8
    $$$$$:   21-block  9
    $$$$$:   21-block 10
    $$$$$:   21-block 11
    $$$$$:   21-block 12
    #####:   22:    EXPECT_TRUE(toroideValido(t));
    %%%%%:   22-block  0
    %%%%%:   22-block  1
    %%%%%:   22-block  2
    %%%%%:   22-block  3
    %%%%%:   22-block  4
    %%%%%:   22-block  5
    %%%%%:   22-block  6
    %%%%%:   22-block  7
    $$$$$:   22-block  8
    $$$$$:   22-block  9
    $$$$$:   22-block 10
    $$$$$:   22-block 11
    $$$$$:   22-block 12
    $$$$$:   22-block 13
    $$$$$:   22-block 14
    $$$$$:   22-block 15
    #####:   23:}
------------------
_ZN42toroideValidoTEST_diagonalTresPorTres_TestC1Ev:
    #####:   17:TEST(toroideValidoTEST, diagonalTresPorTres) {
    %%%%%:   17-block  0
------------------
