        -:    0:Source:/cygdrive/c/Users/vAsmad/CLionProjects/Algoritmos-y-Estructura-de-Datos-1/Trabajo Implementacion/tests/EJ02_toroideMuertoTEST.cpp
        -:    0:Graph:/cygdrive/c/Users/vAsmad/CLionProjects/Algoritmos-y-Estructura-de-Datos-1/Trabajo Implementacion/cmake-build-debug/CMakeFiles/juegoDeLaVida.dir/tests/EJ02_toroideMuertoTEST.gcno
        -:    0:Data:/cygdrive/c/Users/vAsmad/CLionProjects/Algoritmos-y-Estructura-de-Datos-1/Trabajo Implementacion/cmake-build-debug/CMakeFiles/juegoDeLaVida.dir/tests/EJ02_toroideMuertoTEST.gcda
        -:    0:Runs:1
        -:    1:#include "../ejercicios.h"
        -:    2:#include "../auxiliares.h"
        -:    3:#include "gtest/gtest.h"
        -:    4:#include <algorithm>
        -:    5:
        -:    6:using namespace std;
        -:    7:
    #####:    8:TEST(toroideMuertoTEST, toroideDiagonalVivas){
        -:    9:    toroide t = {
        -:   10:            {true, false, false},
        -:   11:            {false, true, false},
        -:   12:            {false, false, true},
        -:   13:            {true, false, false},
        -:   14:            {false, true, false},
    #####:   15:            {false, false, true}};
        -:   16:
    #####:   17:    EXPECT_FALSE(toroideMuerto(t));
    #####:   18:}
------------------
_ZN43toroideMuertoTEST_toroideDiagonalVivas_Test8TestBodyEv:
    #####:    8:TEST(toroideMuertoTEST, toroideDiagonalVivas){
        -:    9:    toroide t = {
        -:   10:            {true, false, false},
        -:   11:            {false, true, false},
        -:   12:            {false, false, true},
        -:   13:            {true, false, false},
        -:   14:            {false, true, false},
    #####:   15:            {false, false, true}};
    %%%%%:   15-block  0
    %%%%%:   15-block  1
    %%%%%:   15-block  2
    %%%%%:   15-block  3
    %%%%%:   15-block  4
    %%%%%:   15-block  5
    %%%%%:   15-block  6
    %%%%%:   15-block  7
    %%%%%:   15-block  8
    $$$$$:   15-block  9
    $$$$$:   15-block 10
    $$$$$:   15-block 11
    $$$$$:   15-block 12
    $$$$$:   15-block 13
    $$$$$:   15-block 14
    $$$$$:   15-block 15
    $$$$$:   15-block 16
    $$$$$:   15-block 17
    $$$$$:   15-block 18
        -:   16:
    #####:   17:    EXPECT_FALSE(toroideMuerto(t));
    %%%%%:   17-block  0
    %%%%%:   17-block  1
    %%%%%:   17-block  2
    %%%%%:   17-block  3
    %%%%%:   17-block  4
    %%%%%:   17-block  5
    %%%%%:   17-block  6
    %%%%%:   17-block  7
    $$$$$:   17-block  8
    $$$$$:   17-block  9
    $$$$$:   17-block 10
    $$$$$:   17-block 11
    $$$$$:   17-block 12
    $$$$$:   17-block 13
    $$$$$:   17-block 14
    $$$$$:   17-block 15
    #####:   18:}
------------------
_ZN43toroideMuertoTEST_toroideDiagonalVivas_TestC1Ev:
    #####:    8:TEST(toroideMuertoTEST, toroideDiagonalVivas){
    %%%%%:    8-block  0
------------------
