        -:    0:Source:/cygdrive/c/Users/vAsmad/CLionProjects/Algoritmos-y-Estructura-de-Datos-1/Trabajo Implementacion/tests/EJ05_cantidadVecinosVivosTEST.cpp
        -:    0:Graph:/cygdrive/c/Users/vAsmad/CLionProjects/Algoritmos-y-Estructura-de-Datos-1/Trabajo Implementacion/cmake-build-debug/CMakeFiles/juegoDeLaVida.dir/tests/EJ05_cantidadVecinosVivosTEST.gcno
        -:    0:Data:/cygdrive/c/Users/vAsmad/CLionProjects/Algoritmos-y-Estructura-de-Datos-1/Trabajo Implementacion/cmake-build-debug/CMakeFiles/juegoDeLaVida.dir/tests/EJ05_cantidadVecinosVivosTEST.gcda
        -:    0:Runs:1
        -:    1:#include "../ejercicios.h"
        -:    2:#include "../auxiliares.h"
        -:    3:#include "gtest/gtest.h"
        -:    4:#include <algorithm>
        -:    5:
        -:    6:using namespace std;
        -:    7:
    #####:    8:TEST(cantidadVecinosVivosTEST, seisVivos){
        -:    9:    toroide t ={
        -:   10:            {true, false, false, false},
        -:   11:            {false, false, true, true},
        -:   12:            {false, false, false, false},
        -:   13:            {true, false, true, true}
    #####:   14:    };
        -:   15:
    #####:   16:    EXPECT_EQ(cantidadVecinosVivos(t, 0, 3), 6);
    #####:   17:}
------------------
_ZN39cantidadVecinosVivosTEST_seisVivos_Test8TestBodyEv:
    #####:    8:TEST(cantidadVecinosVivosTEST, seisVivos){
        -:    9:    toroide t ={
        -:   10:            {true, false, false, false},
        -:   11:            {false, false, true, true},
        -:   12:            {false, false, false, false},
        -:   13:            {true, false, true, true}
    #####:   14:    };
    %%%%%:   14-block  0
    %%%%%:   14-block  1
    %%%%%:   14-block  2
    %%%%%:   14-block  3
    %%%%%:   14-block  4
    %%%%%:   14-block  5
    %%%%%:   14-block  6
    $$$$$:   14-block  7
    $$$$$:   14-block  8
    $$$$$:   14-block  9
    $$$$$:   14-block 10
    $$$$$:   14-block 11
    $$$$$:   14-block 12
    $$$$$:   14-block 13
    $$$$$:   14-block 14
        -:   15:
    #####:   16:    EXPECT_EQ(cantidadVecinosVivos(t, 0, 3), 6);
    %%%%%:   16-block  0
    %%%%%:   16-block  1
    %%%%%:   16-block  2
    %%%%%:   16-block  3
    %%%%%:   16-block  4
    %%%%%:   16-block  5
    %%%%%:   16-block  6
    %%%%%:   16-block  7
    $$$$$:   16-block  8
    $$$$$:   16-block  9
    $$$$$:   16-block 10
    $$$$$:   16-block 11
    $$$$$:   16-block 12
    $$$$$:   16-block 13
    $$$$$:   16-block 14
    #####:   17:}
------------------
_ZN39cantidadVecinosVivosTEST_seisVivos_TestC1Ev:
    #####:    8:TEST(cantidadVecinosVivosTEST, seisVivos){
    %%%%%:    8-block  0
------------------
