        -:    0:Source:/cygdrive/c/Users/vAsmad/CLionProjects/Algoritmos-y-Estructura-de-Datos-1/Trabajo Implementacion/tests/EJ08_evolucionMultipleTEST.cpp
        -:    0:Graph:/cygdrive/c/Users/vAsmad/CLionProjects/Algoritmos-y-Estructura-de-Datos-1/Trabajo Implementacion/cmake-build-debug/CMakeFiles/juegoDeLaVida.dir/tests/EJ08_evolucionMultipleTEST.gcno
        -:    0:Data:/cygdrive/c/Users/vAsmad/CLionProjects/Algoritmos-y-Estructura-de-Datos-1/Trabajo Implementacion/cmake-build-debug/CMakeFiles/juegoDeLaVida.dir/tests/EJ08_evolucionMultipleTEST.gcda
        -:    0:Runs:1
        -:    1:#include "../ejercicios.h"
        -:    2:#include "gtest/gtest.h"
        -:    3:#include <algorithm>
        -:    4:
        -:    5:using namespace std;
        -:    6:
    #####:    7:TEST(evolucionMultipleTEST, toroideDiagonalTresPorTresUnPaso){
        -:    8:    toroide t = {
        -:    9:            {true, false, false},
        -:   10:            {false, true, false},
    #####:   11:            {false, false, true} };
        -:   12:    //1*0 0 1*0
        -:   13:    //0 1 0 0 1
        -:   14:    //0 0 1 0 0
        -:   15:    //1 0 0 1 0
        -:   16:    //0*1 0 0*1
        -:   17:    toroide evo_t = {
        -:   18:            {true, true, true},
        -:   19:            {true, true, true},
    #####:   20:            {true, true, true} };
        -:   21:    //  1 1 1
        -:   22:    //  1 1 1
        -:   23:    //  1 1 1
    #####:   24:    toroide res = evolucionMultiple(t, 1);
    #####:   25:    EXPECT_EQ(res, evo_t);
    #####:   26:}
------------------
_ZN59evolucionMultipleTEST_toroideDiagonalTresPorTresUnPaso_Test8TestBodyEv:
    #####:    7:TEST(evolucionMultipleTEST, toroideDiagonalTresPorTresUnPaso){
        -:    8:    toroide t = {
        -:    9:            {true, false, false},
        -:   10:            {false, true, false},
    #####:   11:            {false, false, true} };
    %%%%%:   11-block  0
    %%%%%:   11-block  1
    %%%%%:   11-block  2
    %%%%%:   11-block  3
    %%%%%:   11-block  4
    %%%%%:   11-block  5
    $$$$$:   11-block  6
    $$$$$:   11-block  7
    $$$$$:   11-block  8
    $$$$$:   11-block  9
    $$$$$:   11-block 10
    $$$$$:   11-block 11
    $$$$$:   11-block 12
        -:   12:    //1*0 0 1*0
        -:   13:    //0 1 0 0 1
        -:   14:    //0 0 1 0 0
        -:   15:    //1 0 0 1 0
        -:   16:    //0*1 0 0*1
        -:   17:    toroide evo_t = {
        -:   18:            {true, true, true},
        -:   19:            {true, true, true},
    #####:   20:            {true, true, true} };
    %%%%%:   20-block  0
    %%%%%:   20-block  1
    %%%%%:   20-block  2
    %%%%%:   20-block  3
    %%%%%:   20-block  4
    $$$$$:   20-block  5
    $$$$$:   20-block  6
    $$$$$:   20-block  7
    $$$$$:   20-block  8
    $$$$$:   20-block  9
    $$$$$:   20-block 10
    $$$$$:   20-block 11
        -:   21:    //  1 1 1
        -:   22:    //  1 1 1
        -:   23:    //  1 1 1
    #####:   24:    toroide res = evolucionMultiple(t, 1);
    $$$$$:   24-block  0
    #####:   25:    EXPECT_EQ(res, evo_t);
    %%%%%:   25-block  0
    %%%%%:   25-block  1
    %%%%%:   25-block  2
    %%%%%:   25-block  3
    %%%%%:   25-block  4
    %%%%%:   25-block  5
    %%%%%:   25-block  6
    %%%%%:   25-block  7
    $$$$$:   25-block  8
    $$$$$:   25-block  9
    $$$$$:   25-block 10
    $$$$$:   25-block 11
    $$$$$:   25-block 12
    #####:   26:}
------------------
_ZN59evolucionMultipleTEST_toroideDiagonalTresPorTresUnPaso_TestC1Ev:
    #####:    7:TEST(evolucionMultipleTEST, toroideDiagonalTresPorTresUnPaso){
    %%%%%:    7-block  0
------------------
