        -:    0:Source:/cygdrive/c/Users/vAsmad/CLionProjects/Algoritmos-y-Estructura-de-Datos-1/Trabajo Implementacion/tests/EJ10_primosLejanosTEST.cpp
        -:    0:Graph:/cygdrive/c/Users/vAsmad/CLionProjects/Algoritmos-y-Estructura-de-Datos-1/Trabajo Implementacion/cmake-build-debug/CMakeFiles/juegoDeLaVida.dir/tests/EJ10_primosLejanosTEST.gcno
        -:    0:Data:/cygdrive/c/Users/vAsmad/CLionProjects/Algoritmos-y-Estructura-de-Datos-1/Trabajo Implementacion/cmake-build-debug/CMakeFiles/juegoDeLaVida.dir/tests/EJ10_primosLejanosTEST.gcda
        -:    0:Runs:1
        -:    1:#include "../ejercicios.h"
        -:    2:#include "gtest/gtest.h"
        -:    3:#include <algorithm>
        -:    4:
        -:    5:using namespace std;
        -:    6:
    #####:    7:TEST(primosLejanosTEST, toroideHorizontalPeriodico2){
        -:    8:    toroide t1 = { 
        -:    9:                  {false, false, false, false, false}, 
        -:   10:                  {false, false, false, false, false}, 
        -:   11:                  {false, true, true, true, false},
        -:   12:                  {false, false, false, false, false}, 
    #####:   13:                  {false, false,false, false, false} };
        -:   14:    toroide t2 = { 
        -:   15:                  {false, false, false, false, false}, 
        -:   16:                  {false, false, true, false, false}, 
        -:   17:                  {false, false, true, false, false},
        -:   18:                  {false, false, true, false, false}, 
    #####:   19:                  {false, false,false, false, false} };
    #####:   20:    bool res = primosLejanos(t1, t2);
    #####:   21:    EXPECT_TRUE(res);
    #####:   22:    res = primosLejanos(t2, t1);
    #####:   23:    EXPECT_TRUE(res);
    #####:   24:}
------------------
_ZN50primosLejanosTEST_toroideHorizontalPeriodico2_Test8TestBodyEv:
    #####:    7:TEST(primosLejanosTEST, toroideHorizontalPeriodico2){
        -:    8:    toroide t1 = { 
        -:    9:                  {false, false, false, false, false}, 
        -:   10:                  {false, false, false, false, false}, 
        -:   11:                  {false, true, true, true, false},
        -:   12:                  {false, false, false, false, false}, 
    #####:   13:                  {false, false,false, false, false} };
    %%%%%:   13-block  0
    %%%%%:   13-block  1
    %%%%%:   13-block  2
    %%%%%:   13-block  3
    %%%%%:   13-block  4
    %%%%%:   13-block  5
    %%%%%:   13-block  6
    %%%%%:   13-block  7
    $$$$$:   13-block  8
    $$$$$:   13-block  9
    $$$$$:   13-block 10
    $$$$$:   13-block 11
    $$$$$:   13-block 12
    $$$$$:   13-block 13
    $$$$$:   13-block 14
    $$$$$:   13-block 15
    $$$$$:   13-block 16
        -:   14:    toroide t2 = { 
        -:   15:                  {false, false, false, false, false}, 
        -:   16:                  {false, false, true, false, false}, 
        -:   17:                  {false, false, true, false, false},
        -:   18:                  {false, false, true, false, false}, 
    #####:   19:                  {false, false,false, false, false} };
    %%%%%:   19-block  0
    %%%%%:   19-block  1
    %%%%%:   19-block  2
    %%%%%:   19-block  3
    %%%%%:   19-block  4
    %%%%%:   19-block  5
    %%%%%:   19-block  6
    $$$$$:   19-block  7
    $$$$$:   19-block  8
    $$$$$:   19-block  9
    $$$$$:   19-block 10
    $$$$$:   19-block 11
    $$$$$:   19-block 12
    $$$$$:   19-block 13
    $$$$$:   19-block 14
    $$$$$:   19-block 15
    #####:   20:    bool res = primosLejanos(t1, t2);
    #####:   21:    EXPECT_TRUE(res);
    %%%%%:   21-block  0
    %%%%%:   21-block  1
    %%%%%:   21-block  2
    %%%%%:   21-block  3
    %%%%%:   21-block  4
    %%%%%:   21-block  5
    %%%%%:   21-block  6
    %%%%%:   21-block  7
    $$$$$:   21-block  8
    $$$$$:   21-block  9
    $$$$$:   21-block 10
    $$$$$:   21-block 11
    $$$$$:   21-block 12
    $$$$$:   21-block 13
    $$$$$:   21-block 14
    #####:   22:    res = primosLejanos(t2, t1);
    #####:   23:    EXPECT_TRUE(res);
    %%%%%:   23-block  0
    %%%%%:   23-block  1
    %%%%%:   23-block  2
    %%%%%:   23-block  3
    %%%%%:   23-block  4
    %%%%%:   23-block  5
    %%%%%:   23-block  6
    %%%%%:   23-block  7
    $$$$$:   23-block  8
    $$$$$:   23-block  9
    $$$$$:   23-block 10
    $$$$$:   23-block 11
    $$$$$:   23-block 12
    $$$$$:   23-block 13
    $$$$$:   23-block 14
    #####:   24:}
------------------
_ZN50primosLejanosTEST_toroideHorizontalPeriodico2_TestC1Ev:
    #####:    7:TEST(primosLejanosTEST, toroideHorizontalPeriodico2){
    %%%%%:    7-block  0
------------------
