        -:    0:Source:/cygdrive/c/Users/vAsmad/CLionProjects/Algoritmos-y-Estructura-de-Datos-1/Trabajo Implementacion/tests/EJ11_seleccionNaturalTEST.cpp
        -:    0:Graph:/cygdrive/c/Users/vAsmad/CLionProjects/Algoritmos-y-Estructura-de-Datos-1/Trabajo Implementacion/cmake-build-debug/CMakeFiles/juegoDeLaVida.dir/tests/EJ11_seleccionNaturalTEST.gcno
        -:    0:Data:/cygdrive/c/Users/vAsmad/CLionProjects/Algoritmos-y-Estructura-de-Datos-1/Trabajo Implementacion/cmake-build-debug/CMakeFiles/juegoDeLaVida.dir/tests/EJ11_seleccionNaturalTEST.gcda
        -:    0:Runs:1
        -:    1:#include "../ejercicios.h"
        -:    2:#include "gtest/gtest.h"
        -:    3:#include <algorithm>
        -:    4:
        -:    5:using namespace std;
        -:    6:
        -:    7:
    #####:    8:TEST(seleccionNaturalTEST, toroideDiagonalVsUnoVivo){
        -:    9:    toroide t1 = { 
        -:   10:                  {true, false, false},
        -:   11:                  {false, true, false},
    #####:   12:                  {false, false, true}}; 
        -:   13:    toroide t2 = { 
        -:   14:                  {false, false, false}, 
        -:   15:                  {false, false, false}, 
        -:   16:                  {false, true, false},
        -:   17:                  {false, false, false}, 
    #####:   18:                  {false, false, false}};
    #####:   19:    vector<toroide> ts;
    #####:   20:    ts.push_back(t1);
    #####:   21:    ts.push_back(t2);
    #####:   22:    ts.push_back(t2);
    #####:   23:    int res = seleccionNatural(ts);
    #####:   24:    EXPECT_EQ(res, 0);
    #####:   25:}
------------------
_ZN50seleccionNaturalTEST_toroideDiagonalVsUnoVivo_Test8TestBodyEv:
    #####:    8:TEST(seleccionNaturalTEST, toroideDiagonalVsUnoVivo){
        -:    9:    toroide t1 = { 
        -:   10:                  {true, false, false},
        -:   11:                  {false, true, false},
    #####:   12:                  {false, false, true}}; 
    %%%%%:   12-block  0
    %%%%%:   12-block  1
    %%%%%:   12-block  2
    %%%%%:   12-block  3
    %%%%%:   12-block  4
    %%%%%:   12-block  5
    $$$$$:   12-block  6
    $$$$$:   12-block  7
    $$$$$:   12-block  8
    $$$$$:   12-block  9
    $$$$$:   12-block 10
    $$$$$:   12-block 11
    $$$$$:   12-block 12
        -:   13:    toroide t2 = { 
        -:   14:                  {false, false, false}, 
        -:   15:                  {false, false, false}, 
        -:   16:                  {false, true, false},
        -:   17:                  {false, false, false}, 
    #####:   18:                  {false, false, false}};
    %%%%%:   18-block  0
    %%%%%:   18-block  1
    %%%%%:   18-block  2
    %%%%%:   18-block  3
    %%%%%:   18-block  4
    %%%%%:   18-block  5
    %%%%%:   18-block  6
    $$$$$:   18-block  7
    $$$$$:   18-block  8
    $$$$$:   18-block  9
    $$$$$:   18-block 10
    $$$$$:   18-block 11
    $$$$$:   18-block 12
    $$$$$:   18-block 13
    $$$$$:   18-block 14
    $$$$$:   18-block 15
    #####:   19:    vector<toroide> ts;
    $$$$$:   19-block  0
    #####:   20:    ts.push_back(t1);
    #####:   21:    ts.push_back(t2);
    %%%%%:   21-block  0
    #####:   22:    ts.push_back(t2);
    %%%%%:   22-block  0
    #####:   23:    int res = seleccionNatural(ts);
    %%%%%:   23-block  0
    %%%%%:   23-block  1
    %%%%%:   23-block  2
    $$$$$:   23-block  3
    $$$$$:   23-block  4
    #####:   24:    EXPECT_EQ(res, 0);
    %%%%%:   24-block  0
    %%%%%:   24-block  1
    %%%%%:   24-block  2
    %%%%%:   24-block  3
    %%%%%:   24-block  4
    %%%%%:   24-block  5
    %%%%%:   24-block  6
    $$$$$:   24-block  7
    $$$$$:   24-block  8
    $$$$$:   24-block  9
    $$$$$:   24-block 10
    $$$$$:   24-block 11
    $$$$$:   24-block 12
    #####:   25:}
------------------
_ZN50seleccionNaturalTEST_toroideDiagonalVsUnoVivo_TestC1Ev:
    #####:    8:TEST(seleccionNaturalTEST, toroideDiagonalVsUnoVivo){
    %%%%%:    8-block  0
------------------
        -:   26:
        2:   27:TEST(seleccionNaturalTEST, DiagonalVsHorizontal){
        -:   28:    toroide t1 = { 
        -:   29:                  {false, false, false, false, false}, 
        -:   30:                  {false, false, false, false, false}, 
        -:   31:                  {false, true, true, true, false},
        -:   32:                  {false, false, false, false, false}, 
        9:   33:                  {false, false,false, false, false} };
        -:   34:    toroide t2 = { 
        -:   35:                  {true, false, false},
        -:   36:                  {false, true, false},
        7:   37:                  {false, false, true}}; 
        2:   38:    vector<toroide> ts;
        1:   39:    ts.push_back(t2);
        1:   40:    ts.push_back(t1);
        1:   41:    ts.push_back(t2);
        1:   42:    int res = seleccionNatural(ts);
        1:   43:    EXPECT_EQ(res, 1);
        1:   44:}
------------------
_ZN46seleccionNaturalTEST_DiagonalVsHorizontal_Test8TestBodyEv:
        1:   27:TEST(seleccionNaturalTEST, DiagonalVsHorizontal){
        -:   28:    toroide t1 = { 
        -:   29:                  {false, false, false, false, false}, 
        -:   30:                  {false, false, false, false, false}, 
        -:   31:                  {false, true, true, true, false},
        -:   32:                  {false, false, false, false, false}, 
        9:   33:                  {false, false,false, false, false} };
        1:   33-block  0
        1:   33-block  1
        1:   33-block  2
        1:   33-block  3
        1:   33-block  4
        1:   33-block  5
        5:   33-block  6
        1:   33-block  7
    $$$$$:   33-block  8
    $$$$$:   33-block  9
    $$$$$:   33-block 10
    $$$$$:   33-block 11
    $$$$$:   33-block 12
    $$$$$:   33-block 13
    $$$$$:   33-block 14
    $$$$$:   33-block 15
    $$$$$:   33-block 16
        -:   34:    toroide t2 = { 
        -:   35:                  {true, false, false},
        -:   36:                  {false, true, false},
        7:   37:                  {false, false, true}}; 
        1:   37-block  0
        1:   37-block  1
        1:   37-block  2
        3:   37-block  3
        1:   37-block  4
    $$$$$:   37-block  5
    $$$$$:   37-block  6
    $$$$$:   37-block  7
    $$$$$:   37-block  8
    $$$$$:   37-block  9
    $$$$$:   37-block 10
    $$$$$:   37-block 11
        2:   38:    vector<toroide> ts;
    $$$$$:   38-block  0
        1:   39:    ts.push_back(t2);
        1:   40:    ts.push_back(t1);
        1:   40-block  0
        1:   41:    ts.push_back(t2);
        1:   41-block  0
        1:   42:    int res = seleccionNatural(ts);
        1:   42-block  0
        1:   42-block  1
        1:   42-block  2
    $$$$$:   42-block  3
    $$$$$:   42-block  4
        1:   43:    EXPECT_EQ(res, 1);
        1:   43-block  0
        1:   43-block  1
        1:   43-block  2
        1:   43-block  3
        1:   43-block  4
        1:   43-block  5
        1:   43-block  6
    $$$$$:   43-block  7
    $$$$$:   43-block  8
    $$$$$:   43-block  9
    $$$$$:   43-block 10
    $$$$$:   43-block 11
    $$$$$:   43-block 12
        1:   44:}
------------------
_ZN46seleccionNaturalTEST_DiagonalVsHorizontal_TestC1Ev:
        1:   27:TEST(seleccionNaturalTEST, DiagonalVsHorizontal){
        1:   27-block  0
------------------
