        -:    0:Source:/cygdrive/c/Users/vAsmad/CLionProjects/Algoritmos-y-Estructura-de-Datos-1/Trabajo Implementacion/tests/EJ13_vistaTrasladadaTEST.cpp
        -:    0:Graph:/cygdrive/c/Users/vAsmad/CLionProjects/Algoritmos-y-Estructura-de-Datos-1/Trabajo Implementacion/cmake-build-debug/CMakeFiles/juegoDeLaVida.dir/tests/EJ13_vistaTrasladadaTEST.gcno
        -:    0:Data:/cygdrive/c/Users/vAsmad/CLionProjects/Algoritmos-y-Estructura-de-Datos-1/Trabajo Implementacion/cmake-build-debug/CMakeFiles/juegoDeLaVida.dir/tests/EJ13_vistaTrasladadaTEST.gcda
        -:    0:Runs:1
        -:    1:#include "../ejercicios.h"
        -:    2:#include "gtest/gtest.h"
        -:    3:#include <algorithm>
        -:    4:
        -:    5:using namespace std;
        -:    6:
    #####:    7:TEST(vistaTrasladadaTEST, muevoTerceraFilaParaArriba){
        -:    8:    toroide t1 = { 
        -:    9:                  {true, false, false}, // 1
        -:   10:                  {false, true, false}, // 2
    #####:   11:                  {false, false, true}};// 3
        -:   12:    toroide t2 = { 
        -:   13:                  {false, false, true}, // 3
        -:   14:                  {true, false, false}, // 1
    #####:   15:                  {false, true, false}};// 2
        -:   16:
    #####:   17:    bool res = vistaTrasladada(t1, t2);
    #####:   18:    EXPECT_TRUE(res);
    #####:   19:}
------------------
_ZN51vistaTrasladadaTEST_muevoTerceraFilaParaArriba_Test8TestBodyEv:
    #####:    7:TEST(vistaTrasladadaTEST, muevoTerceraFilaParaArriba){
        -:    8:    toroide t1 = { 
        -:    9:                  {true, false, false}, // 1
        -:   10:                  {false, true, false}, // 2
    #####:   11:                  {false, false, true}};// 3
    %%%%%:   11-block  0
    %%%%%:   11-block  1
    %%%%%:   11-block  2
    %%%%%:   11-block  3
    %%%%%:   11-block  4
    %%%%%:   11-block  5
    $$$$$:   11-block  6
    $$$$$:   11-block  7
    $$$$$:   11-block  8
    $$$$$:   11-block  9
    $$$$$:   11-block 10
    $$$$$:   11-block 11
    $$$$$:   11-block 12
        -:   12:    toroide t2 = { 
        -:   13:                  {false, false, true}, // 3
        -:   14:                  {true, false, false}, // 1
    #####:   15:                  {false, true, false}};// 2
    %%%%%:   15-block  0
    %%%%%:   15-block  1
    %%%%%:   15-block  2
    %%%%%:   15-block  3
    %%%%%:   15-block  4
    $$$$$:   15-block  5
    $$$$$:   15-block  6
    $$$$$:   15-block  7
    $$$$$:   15-block  8
    $$$$$:   15-block  9
    $$$$$:   15-block 10
    $$$$$:   15-block 11
        -:   16:
    #####:   17:    bool res = vistaTrasladada(t1, t2);
    #####:   18:    EXPECT_TRUE(res);
    %%%%%:   18-block  0
    %%%%%:   18-block  1
    %%%%%:   18-block  2
    %%%%%:   18-block  3
    %%%%%:   18-block  4
    %%%%%:   18-block  5
    %%%%%:   18-block  6
    %%%%%:   18-block  7
    $$$$$:   18-block  8
    $$$$$:   18-block  9
    $$$$$:   18-block 10
    $$$$$:   18-block 11
    $$$$$:   18-block 12
    $$$$$:   18-block 13
    $$$$$:   18-block 14
    #####:   19:}
------------------
_ZN51vistaTrasladadaTEST_muevoTerceraFilaParaArriba_TestC1Ev:
    #####:    7:TEST(vistaTrasladadaTEST, muevoTerceraFilaParaArriba){
    %%%%%:    7-block  0
------------------
        -:   20:
    #####:   21:TEST(vistaTrasladadaTEST, DiagonalVsTodoTrue){
        -:   22:    toroide t1 = { 
        -:   23:                  {true, false, false},
        -:   24:                  {false, true, false},
    #####:   25:                  {false, false, true}}; 
        -:   26:    toroide t2 = { 
        -:   27:                  {true, true, true},
        -:   28:                  {true, true, true},
    #####:   29:                  {true, true, true}}; 
    #####:   30:    bool res = vistaTrasladada(t1, t2);
    #####:   31:    EXPECT_FALSE(res);
    #####:   32:}
------------------
_ZN43vistaTrasladadaTEST_DiagonalVsTodoTrue_Test8TestBodyEv:
    #####:   21:TEST(vistaTrasladadaTEST, DiagonalVsTodoTrue){
        -:   22:    toroide t1 = { 
        -:   23:                  {true, false, false},
        -:   24:                  {false, true, false},
    #####:   25:                  {false, false, true}}; 
    %%%%%:   25-block  0
    %%%%%:   25-block  1
    %%%%%:   25-block  2
    %%%%%:   25-block  3
    %%%%%:   25-block  4
    %%%%%:   25-block  5
    $$$$$:   25-block  6
    $$$$$:   25-block  7
    $$$$$:   25-block  8
    $$$$$:   25-block  9
    $$$$$:   25-block 10
    $$$$$:   25-block 11
    $$$$$:   25-block 12
        -:   26:    toroide t2 = { 
        -:   27:                  {true, true, true},
        -:   28:                  {true, true, true},
    #####:   29:                  {true, true, true}}; 
    %%%%%:   29-block  0
    %%%%%:   29-block  1
    %%%%%:   29-block  2
    %%%%%:   29-block  3
    %%%%%:   29-block  4
    $$$$$:   29-block  5
    $$$$$:   29-block  6
    $$$$$:   29-block  7
    $$$$$:   29-block  8
    $$$$$:   29-block  9
    $$$$$:   29-block 10
    $$$$$:   29-block 11
    #####:   30:    bool res = vistaTrasladada(t1, t2);
    #####:   31:    EXPECT_FALSE(res);
    %%%%%:   31-block  0
    %%%%%:   31-block  1
    %%%%%:   31-block  2
    %%%%%:   31-block  3
    %%%%%:   31-block  4
    %%%%%:   31-block  5
    %%%%%:   31-block  6
    %%%%%:   31-block  7
    $$$$$:   31-block  8
    $$$$$:   31-block  9
    $$$$$:   31-block 10
    $$$$$:   31-block 11
    $$$$$:   31-block 12
    $$$$$:   31-block 13
    $$$$$:   31-block 14
    $$$$$:   31-block 15
    #####:   32:}
------------------
_ZN43vistaTrasladadaTEST_DiagonalVsTodoTrue_TestC1Ev:
    #####:   21:TEST(vistaTrasladadaTEST, DiagonalVsTodoTrue){
    %%%%%:   21-block  0
------------------
