        -:    0:Source:/cygdrive/c/Users/vAsmad/CLionProjects/Algoritmos-y-Estructura-de-Datos-1/Trabajo Implementacion/tests/EJ14_menorSuperficieVivaTEST.cpp
        -:    0:Graph:/cygdrive/c/Users/vAsmad/CLionProjects/Algoritmos-y-Estructura-de-Datos-1/Trabajo Implementacion/cmake-build-debug/CMakeFiles/juegoDeLaVida.dir/tests/EJ14_menorSuperficieVivaTEST.gcno
        -:    0:Data:/cygdrive/c/Users/vAsmad/CLionProjects/Algoritmos-y-Estructura-de-Datos-1/Trabajo Implementacion/cmake-build-debug/CMakeFiles/juegoDeLaVida.dir/tests/EJ14_menorSuperficieVivaTEST.gcda
        -:    0:Runs:1
        -:    1:#include "../ejercicios.h"
        -:    2:#include "gtest/gtest.h"
        -:    3:
        -:    4:using namespace std;
        -:    5:
    #####:    6:TEST(menorSuperficieVivaTEST, enunciado){
        -:    7:    toroide t = {
        -:    8:            {true, false, false, true},   // 1
        -:    9:            {false, false, false, false}, // 2
        -:   10:            {false, false, false, false}, // 3
    #####:   11:            {true, true, false, false}};  // 4
        -:   12:
    #####:   13:    int res = menorSuperficieViva(t);
    #####:   14:    EXPECT_EQ(res, 6);
    #####:   15:}
------------------
_ZN38menorSuperficieVivaTEST_enunciado_Test8TestBodyEv:
    #####:    6:TEST(menorSuperficieVivaTEST, enunciado){
        -:    7:    toroide t = {
        -:    8:            {true, false, false, true},   // 1
        -:    9:            {false, false, false, false}, // 2
        -:   10:            {false, false, false, false}, // 3
    #####:   11:            {true, true, false, false}};  // 4
    %%%%%:   11-block  0
    %%%%%:   11-block  1
    %%%%%:   11-block  2
    %%%%%:   11-block  3
    %%%%%:   11-block  4
    %%%%%:   11-block  5
    %%%%%:   11-block  6
    $$$$$:   11-block  7
    $$$$$:   11-block  8
    $$$$$:   11-block  9
    $$$$$:   11-block 10
    $$$$$:   11-block 11
    $$$$$:   11-block 12
    $$$$$:   11-block 13
    $$$$$:   11-block 14
        -:   12:
    #####:   13:    int res = menorSuperficieViva(t);
    #####:   14:    EXPECT_EQ(res, 6);
    %%%%%:   14-block  0
    %%%%%:   14-block  1
    %%%%%:   14-block  2
    %%%%%:   14-block  3
    %%%%%:   14-block  4
    %%%%%:   14-block  5
    %%%%%:   14-block  6
    %%%%%:   14-block  7
    $$$$$:   14-block  8
    $$$$$:   14-block  9
    $$$$$:   14-block 10
    $$$$$:   14-block 11
    $$$$$:   14-block 12
    $$$$$:   14-block 13
    #####:   15:}
------------------
_ZN38menorSuperficieVivaTEST_enunciado_TestC1Ev:
    #####:    6:TEST(menorSuperficieVivaTEST, enunciado){
    %%%%%:    6-block  0
------------------
