        -:    0:Source:/cygdrive/c/Users/vAsmad/CLionProjects/Algoritmos-y-Estructura-de-Datos-1/Trabajo Implementacion/main.cpp
        -:    0:Graph:/cygdrive/c/Users/vAsmad/CLionProjects/Algoritmos-y-Estructura-de-Datos-1/Trabajo Implementacion/cmake-build-debug/CMakeFiles/juegoDeLaVida.dir/main.gcno
        -:    0:Data:/cygdrive/c/Users/vAsmad/CLionProjects/Algoritmos-y-Estructura-de-Datos-1/Trabajo Implementacion/cmake-build-debug/CMakeFiles/juegoDeLaVida.dir/main.gcda
        -:    0:Runs:1
        -:    1:// MAIN del Trabajo Practico de Implementacion
        -:    2:#include <iostream>
        -:    3:#include "gtest/gtest.h"
        -:    4:
        -:    5:using namespace std;
        1:    6:int main(int argc, char **argv) {
        1:    7:    std::cout << "Implementando TPI!!" << std::endl;
        1:    7-block  0
        1:    8:    ::testing::InitGoogleTest(&argc, argv);
        1:    9:    return RUN_ALL_TESTS();
        -:   10:}
