        -:    0:Source:/cygdrive/c/Users/vAsmad/CLionProjects/Algoritmos-y-Estructura-de-Datos-1/Practicas/Practica_8/main.cpp
        -:    0:Graph:/cygdrive/c/Users/vAsmad/CLionProjects/Algoritmos-y-Estructura-de-Datos-1/Practicas/Practica_8/cmake-build-debug-coverage/CMakeFiles/Complejidad.dir/main.cpp.gcno
        -:    0:Data:/cygdrive/c/Users/vAsmad/CLionProjects/Algoritmos-y-Estructura-de-Datos-1/Practicas/Practica_8/cmake-build-debug-coverage/CMakeFiles/Complejidad.dir/main.cpp.gcda
        -:    0:Runs:1
        -:    1:#include "ejercicios.h"
        -:    2:
        -:    3:using namespace std;
        -:    4:
        1:    5:int main() {
        -:    6:
        1:    7:    long l = 2200000000;
        2:    8:    vector<int> n = construir_vector(l, "azar");
        1:    8-block  0
        1:    8-block  1
    $$$$$:    8-block  2
    $$$$$:    8-block  3
        -:    9:
        1:   10:    cout << hayDuplicados(n) << endl;
        1:   10-block  0
        1:   10-block  1
        -:   11:
        -:   12:
        1:   13:    return 0;
        1:   13-block  0
        -:   14:}
